System Name        : Windows_NT
Machine Name       : DELL-5500
User Name          : Dell 5500
Source System      : STEP
Destination System : GENERIC
Start Time         : Sun May 02 11:22:15 2021

--------------------------------------------------------------------------------
Message : === Translation Options ===
Message : PropagateColDownwards : true
Message : TranslateAttributes : true
Message : TranslateSheetBodies : true
Message : TranslateSolidAsSolid : true
Message : Step.Brep.TranslateSolidAsClassIV : false
Message : Step.Brep.TranslateSolidAsClassIISurface : false
Message : Step.Brep.TranslateSolidAsClassIIWires : false
Message : Step.Brep.WriteSolidClass3 : false
Message : Step.Brep.ConvTrimToClassIVFaces : true
Message : Step.Brep.ConvLOG: Conversion: Begin
LOG: Conversion: End
LOG: Conversion: Begin
LOG: Conversion: End
Info: 
Info: Translation succeeded
Info: Total number of faces: 92
Info: Total number of edges: 256
Info: Total number of vertices: 168
Info: Number of bodies found in the Step file: 1
Info: =================================================
Info: Number of bad entities removed: 0
Info: Number of bodies saved in file: 1
Info: =================================================
Info: Simplify Geometry Option
Info: 
Info: Simplify Geometry option selected
Info: Simplify Geometry succeeded
Info: =================================================
Info: 
Info:     ========================
Info:           Stop_Modeler
cetedSolid : true
Message : Step.Brep.TranslateClassVISolid : true
Message : Step.Brep.TranslateClassIIWires : true
Message : TranslateProductIdAttributes : true
Message : SetStringentCheckOption : true
Message : RollbackSewOnError : true
Message : Step.Brep.InterpretAngleAsDegree : true
Message : Step.Brep.OverrideFaceColorWithBodyColor : false
Message : FixFaceFaceInconsistency : true
Message : TranslateFreePoints : true
Message : TranslateLayersAndFilters : false
Message : Step.AuthorName :   
Message : Step.OrganizationName :   
Message : Step.Authorization :   
Message : Step.ProgramName :   
Message : Step.DateTimeStamp :   
Message : Step.ObjectId :   
Message : Step.FileDescription : STEP AP203
Message : Step.ImplementationLevel : 1
Message : Step.SchemaName : CONFIG_CONTROL_DESIGN
Message : Step.PreProcessorVersion : XStep 1.0
Message : Representation : BRep+NewAssembly
Message : ===========================
--------------------------------------------------------------------------------
Start BRep
--------------------------------------------------------------------------------
----------------------------File Header Information-----------------------------

FILE_DESCRIPTION DATA
File Description     : 'Unknown'
Implementation Level : 2;1

FILE_NAME DATA
File Name            : 62000611121
Date Time Stamp      : 2016-11-10T14:44:44+01:00
Author               : 'Unknown'
Organization         : 'Unknown'
PreProcessor Version : ST-DEVELOPER v16.7
Originating System   : DEX

FILE_SCHEMA DATA
File Schema Name     : 'AUTOMOTIVE_DESIGN {1 0 10303 214 3 1 1}'
--------------------------------------------------------------------------------
--------------------------------------------------------------------------------
End BRep
Result : Success
--------------------------------------------------------------------------------
--------------------------------------------------------------------------------
Start NewAssembly
--------------------------------------------------------------------------------
System Name        : Windows_NT
Machine Name       : DELL-5500
User Name          : Dell 5500
Source System      : STEP
Destination System : GENERIC
Start Time         : Sun May 02 11:22:15 2021

--------------------------------------------------------------------------------
Message : === Translation Options ===
Message : Representation : BRep
Message : PropagateColDownwards : true
Message : TranslateAttributes : true
Message : TranslateSheetBodies : true
Message : TranslateSolidAsSolid : true
Message : Step.Brep.TranslateSolidAsClassIV : false
Message : Step.Brep.TranslateSolidAsClassIISurface : false
Message : Step.Brep.TranslateSolidAsClassIIWires : false
Message : Step.Brep.WriteSolidClass3 : false
Message : Step.Brep.ConvTrimToClassIVFaces : true
Message : Step.Brep.ConvTrimToClassIIFaces : false
Message : Step.Brep.ConvTrimToClassIIIWires : false
Message : Step.Brep.ConvTrimToClassIIWires : false
Message : Step.Brep.TranslateWireAsClassIIIWires : false
Message : Step.Brep.TranslateWireAsClassIIWires : true
Message : Unit : 5
Message : Step.Brep.TranslateAsAp214Format : false
Message : Step.Brep.WriteAssemAsCtxtDepShapeRep : false
Message : ClassVIAsTrimStitch : false
Message : Step.Brep.ProductDefBasedRead : true
Message : SewFaces : true
Message : Step.Brep.TranslateClassIVFaces : true
Message : Step.Brep.TranslateClassIIFaces : true
Message : Step.Brep.TranslateClassIIIWires : true
Message : Step.Brep.ReadProduct1stField : true
Message : Step.Brep.TranslateClassVFacetedSolid : true
Message : Step.Brep.TranslateClassVISolid : true
Message : Step.Brep.TranslateClassIIWires : true
Message : TranslateProductIdAttributes : true
Message : SetStringentCheckOption : true
Message : RollbackSewOnError : true
Message : Step.Brep.InterpretAngleAsDegree : true
Message : Step.Brep.OverrideFaceColorWithBodyColor : false
Message : FixFaceFaceInconsistency : true
Message : TranslateFreePoints : true
Message : TranslateLayersAndFilters : false
Message : Step.AuthorName :   
Message : Step.OrganizationName :   
Message : Step.Authorization :   
Message : Step.ProgramName :   
Message : Step.DateTimeStamp :   
Message : Step.ObjectId :   
Message : Step.FileDescription : STEP AP203
Message : Step.ImplementationLevel : 1
Message : Step.SchemaName : CONFIG_CONTROL_DESIGN
Message : Step.PreProcessorVersion : XStep 1.0
Message : ===========================
--------------------------------------------------------------------------------
Start BRep
--------------------------------------------------------------------------------
--------------------------------------------------------------------------------
End BRep
Result : Success
--------------------------------------------------------------------------------
--------------------------------------------------------------------------------
-------------------------------Conversion Summary-------------------------------
No. of Assemblies                         :    0
No. of Solid Bodies                       :    1
No. of Trim Bodies                        :    0
No. of Wire Bodies                        :    0
No. of Point Bodies                       :    0
No. of Mixed Bodies		 : 0
No. of Point Bodies        : 0
--------------------------------------------------------------------------------
--------------------------------------------------------------------------------
Finish Time : Sun May 02 11:22:15 2021

Translation Result : Success
--------------------------------------------------------------------------------
System Name        : Windows_NT
Machine Name       : DELL-5500
User Name          : Dell 5500
Source System      : STEP
Destination System : GENERIC
Start Time         : Sun May 02 11:22:15 2021

--------------------------------------------------------------------------------
Message : === Translation Options ===
Message : Representation : BRep
Message : PropagateColDownwards : true
Message : TranslateAttributes : true
Message : TranslateSheetBodies : true
Message : TranslateSolidAsSolid : true
Message : Step.Brep.TranslateSolidAsClassIV : false
Message : Step.Brep.TranslateSolidAsClassIISurface : false
Message : Step.Brep.TranslateSolidAsClassIIWires : false
Message : Step.Brep.WriteSolidClass3 : false
Message : Step.Brep.ConvTrimToClassIVFaces : true
Message : Step.Brep.ConvTrimToClassIIFaces : false
Message : Step.Brep.ConvTrimToClassIIIWires : false
Message : Step.Brep.ConvTrimToClassIIWires : false
Message : Step.Brep.TranslateWireAsClassIIIWires : false
Message : Step.Brep.TranslateWireAsClassIIWires : true
Message : Unit : 5
Message : Step.Brep.TranslateAsAp214Format : false
Message : Step.Brep.WriteAssemAsCtxtDepShapeRep : false
Message : ClassVIAsTrimStitch : false
Message : Step.Brep.ProductDefBasedRead : true
Message : SewFaces : true
Message : Step.Brep.TranslateClassIVFaces : true
Message : Step.Brep.TranslateClassIIFaces : true
Message : Step.Brep.TranslateClassIIIWires : true
Message : Step.Brep.ReadProduct1stField : true
Message : Step.Brep.TranslateClassVFacetedSolid : true
Message : Step.Brep.TranslateClassVISolid : true
Message : Step.Brep.TranslateClassIIWires : true
Message : TranslateProductIdAttributes : true
Message : SetStringentCheckOption : true
Message : RollbackSewOnError : true
Message : Step.Brep.InterpretAngleAsDegree : true
Message : Step.Brep.OverrideFaceColorWithBodyColor : false
Message : FixFaceFaceInconsistency : true
Message : TranslateFreePoints : true
Message : TranslateLayersAndFilters : false
Message : Step.AuthorName :   
Message : Step.OrganizationName :   
Message : Step.Authorization :   
Message : Step.ProgramName :   
Message : Step.DateTimeStamp :   
Message : Step.ObjectId :   
Message : Step.FileDescription : STEP AP203
Message : Step.ImplementationLevel : 1
Message : Step.SchemaName : CONFIG_CONTROL_DESIGN
Message : Step.PreProcessorVersion : XStep 1.0
Message : ===========================
--------------------------------------------------------------------------------
Start BRep
--------------------------------------------------------------------------------
--------------------------------------------------------------------------------
End BRep
Result : Success
--------------------------------------------------------------------------------
--------------------------------------------------------------------------------
-------------------------------Conversion Summary-------------------------------
No. of Assemblies                         :    0
No. of Solid Bodies                       :    1
No. of Trim Bodies                        :    0
No. of Wire Bodies                        :    0
No. of Point Bodies                       :    0
No. of Mixed Bodies		 : 0
No. of Point Bodies        : 0
--------------------------------------------------------------------------------
--------------------------------------------------------------------------------
Finish Time : Sun May 02 11:22:15 2021

Translation Result : Success
--------------------------------------------------------------------------------
--------------------------------------------------------------------------------
End NewAssembly
Result : Success
--------------------------------------------------------------------------------
--------------------------------------------------------------------------------
-------------------------------Conversion Summary-------------------------------
No. of Assemblies                         :    1
No. of Solid Bodies                       :    0
No. of Trim Bodies                        :    0
No. of Wire Bodies                        :    0
No. of Point Bodies                       :    0
No. of Mixed Bodies		 : 0
No. of Point Bodies        : 0
--------------------------------------------------------------------------------
--------------------------------------------------------------------------------
Finish Time : Sun May 02 11:22:15 2021

Translation Result : Success
--------------------------------------------------------------------------------
